<?xml version="1.0" encoding="UTF-8"?>
<!-- Generated by org.testng.reporters.JUnitReportReporter -->
<testsuite skipped="1" hostname="Win10" name="corporatesite.testcases.TC01VerifyContactUsPage" tests="2" failures="0" timestamp="28 Jan 2021 05:47:43 GMT" time="64.098" errors="1">
  <testcase name="setApplication" time="64.098" classname="corporatesite.testcases.TC01VerifyContactUsPage">
    <error type="org.openqa.selenium.WebDriverException" message="chrome not reachable
Build info: version: &#039;3.11.0&#039;, revision: &#039;e59cfb3&#039;, time: &#039;2018-03-11T20:26:55.152Z&#039;
System info: host: &#039;Win10&#039;, ip: &#039;10.0.0.4&#039;, os.name: &#039;Windows 10&#039;, os.arch: &#039;amd64&#039;, os.version: &#039;10.0&#039;, java.version: &#039;1.8.0_251&#039;
Driver info: driver.version: ChromeDriver
remote stacktrace: Backtrace:
	GetHandleVerifier [0x001BB963+483]
	GetHandleVerifier [0x001BB941+449]
	GetHandleVerifier [0x005631B0+3832368]
	GetHandleVerifier [0x005598D3+3793235]
	GetHandleVerifier [0x0057D17F+3938815]
	GetHandleVerifier [0x00579AFB+3924859]
	GetHandleVerifier [0x00577D9C+3917340]
	GetHandleVerifier [0x0059E7FE+4075646]
	GetHandleVerifier [0x0059E56C+4074988]
	GetHandleVerifier [0x0059B2EB+4062059]
	GetHandleVerifier [0x0057ED14+3945876]
	GetHandleVerifier [0x0057FBCE+3949646]
	GetHandleVerifier [0x0057FB59+3949529]
	Ordinal0 [0x0017B5CC+46540]
	Ordinal0 [0x00179F53+40787]
	Ordinal0 [0x00179B12+39698]
	GetHandleVerifier [0x00481468+2907368]
	GetHandleVerifier [0x002C71EE+1096302]
	GetHandleVerifier [0x00283E8D+821005]
	GetHandleVerifier [0x0028396B+819691]
	GetHandleVerifier [0x00283881+819457]
	GetHandleVerifier [0x002AF463+998627]
	BaseThreadInitThunk [0x75F26359+25]
	RtlGetAppContainerNamedObjectPath [0x77E38944+228]
	RtlGetAppContainerNamedObjectPath [0x77E38914+180]
">
      <![CDATA[org.openqa.selenium.WebDriverException: chrome not reachable
Build info: version: '3.11.0', revision: 'e59cfb3', time: '2018-03-11T20:26:55.152Z'
System info: host: 'Win10', ip: '10.0.0.4', os.name: 'Windows 10', os.arch: 'amd64', os.version: '10.0', java.version: '1.8.0_251'
Driver info: driver.version: ChromeDriver
remote stacktrace: Backtrace:
	GetHandleVerifier [0x001BB963+483]
	GetHandleVerifier [0x001BB941+449]
	GetHandleVerifier [0x005631B0+3832368]
	GetHandleVerifier [0x005598D3+3793235]
	GetHandleVerifier [0x0057D17F+3938815]
	GetHandleVerifier [0x00579AFB+3924859]
	GetHandleVerifier [0x00577D9C+3917340]
	GetHandleVerifier [0x0059E7FE+4075646]
	GetHandleVerifier [0x0059E56C+4074988]
	GetHandleVerifier [0x0059B2EB+4062059]
	GetHandleVerifier [0x0057ED14+3945876]
	GetHandleVerifier [0x0057FBCE+3949646]
	GetHandleVerifier [0x0057FB59+3949529]
	Ordinal0 [0x0017B5CC+46540]
	Ordinal0 [0x00179F53+40787]
	Ordinal0 [0x00179B12+39698]
	GetHandleVerifier [0x00481468+2907368]
	GetHandleVerifier [0x002C71EE+1096302]
	GetHandleVerifier [0x00283E8D+821005]
	GetHandleVerifier [0x0028396B+819691]
	GetHandleVerifier [0x00283881+819457]
	GetHandleVerifier [0x002AF463+998627]
	BaseThreadInitThunk [0x75F26359+25]
	RtlGetAppContainerNamedObjectPath [0x77E38944+228]
	RtlGetAppContainerNamedObjectPath [0x77E38914+180]

	at sun.reflect.NativeConstructorAccessorImpl.newInstance0(Native Method)
	at sun.reflect.NativeConstructorAccessorImpl.newInstance(NativeConstructorAccessorImpl.java:62)
	at sun.reflect.DelegatingConstructorAccessorImpl.newInstance(DelegatingConstructorAccessorImpl.java:45)
	at java.lang.reflect.Constructor.newInstance(Constructor.java:423)
	at org.openqa.selenium.remote.W3CHandshakeResponse.lambda$new$0(W3CHandshakeResponse.java:57)
	at org.openqa.selenium.remote.W3CHandshakeResponse.lambda$getResponseFunction$2(W3CHandshakeResponse.java:104)
	at org.openqa.selenium.remote.ProtocolHandshake.lambda$createSession$0(ProtocolHandshake.java:123)
	at java.util.stream.ReferencePipeline$3$1.accept(ReferencePipeline.java:193)
	at java.util.Spliterators$ArraySpliterator.tryAdvance(Spliterators.java:958)
	at java.util.stream.ReferencePipeline.forEachWithCancel(ReferencePipeline.java:126)
	at java.util.stream.AbstractPipeline.copyIntoWithCancel(AbstractPipeline.java:499)
	at java.util.stream.AbstractPipeline.copyInto(AbstractPipeline.java:486)
	at java.util.stream.AbstractPipeline.wrapAndCopyInto(AbstractPipeline.java:472)
	at java.util.stream.FindOps$FindOp.evaluateSequential(FindOps.java:152)
	at java.util.stream.AbstractPipeline.evaluate(AbstractPipeline.java:234)
	at java.util.stream.ReferencePipeline.findFirst(ReferencePipeline.java:464)
	at org.openqa.selenium.remote.ProtocolHandshake.createSession(ProtocolHandshake.java:126)
	at org.openqa.selenium.remote.ProtocolHandshake.createSession(ProtocolHandshake.java:73)
	at org.openqa.selenium.remote.HttpCommandExecutor.execute(HttpCommandExecutor.java:136)
	at org.openqa.selenium.remote.service.DriverCommandExecutor.execute(DriverCommandExecutor.java:83)
	at org.openqa.selenium.remote.RemoteWebDriver.execute(RemoteWebDriver.java:545)
	at org.openqa.selenium.remote.RemoteWebDriver.startSession(RemoteWebDriver.java:209)
	at org.openqa.selenium.remote.RemoteWebDriver.<init>(RemoteWebDriver.java:132)
	at org.openqa.selenium.chrome.ChromeDriver.<init>(ChromeDriver.java:181)
	at org.openqa.selenium.chrome.ChromeDriver.<init>(ChromeDriver.java:168)
	at org.openqa.selenium.chrome.ChromeDriver.<init>(ChromeDriver.java:157)
	at corporatesite.Browser.setApplication(Browser.java:271)
	at sun.reflect.NativeMethodAccessorImpl.invoke0(Native Method)
	at sun.reflect.NativeMethodAccessorImpl.invoke(NativeMethodAccessorImpl.java:62)
	at sun.reflect.DelegatingMethodAccessorImpl.invoke(DelegatingMethodAccessorImpl.java:43)
	at java.lang.reflect.Method.invoke(Method.java:498)
	at org.testng.internal.MethodInvocationHelper.invokeMethod(MethodInvocationHelper.java:108)
	at org.testng.internal.Invoker.invokeConfigurationMethod(Invoker.java:523)
	at org.testng.internal.Invoker.invokeConfigurations(Invoker.java:224)
	at org.testng.internal.Invoker.invokeConfigurations(Invoker.java:146)
	at org.testng.TestRunner.beforeRun(TestRunner.java:626)
	at org.testng.TestRunner.run(TestRunner.java:594)
	at org.testng.SuiteRunner.runTest(SuiteRunner.java:380)
	at org.testng.SuiteRunner.runSequentially(SuiteRunner.java:375)
	at org.testng.SuiteRunner.privateRun(SuiteRunner.java:340)
	at org.testng.SuiteRunner.run(SuiteRunner.java:289)
	at org.testng.SuiteRunnerWorker.runSuite(SuiteRunnerWorker.java:52)
	at org.testng.SuiteRunnerWorker.run(SuiteRunnerWorker.java:86)
	at org.testng.TestNG.runSuitesSequentially(TestNG.java:1301)
	at org.testng.TestNG.runSuitesLocally(TestNG.java:1226)
	at org.testng.TestNG.runSuites(TestNG.java:1144)
	at org.testng.TestNG.run(TestNG.java:1115)
	at org.testng.remote.AbstractRemoteTestNG.run(AbstractRemoteTestNG.java:126)
	at org.testng.remote.RemoteTestNG.initAndRun(RemoteTestNG.java:137)
	at org.testng.remote.RemoteTestNG.main(RemoteTestNG.java:58)
]]>
    </error>
  </testcase> <!-- setApplication -->
  <testcase name="verifyContactUs_TC01" time="0.000" classname="corporatesite.testcases.TC01VerifyContactUsPage">
    <skipped/>
  </testcase> <!-- verifyContactUs_TC01 -->
</testsuite> <!-- corporatesite.testcases.TC01VerifyContactUsPage -->
