<?xml version="1.0" encoding="UTF-8"?>
<!-- Generated by org.testng.reporters.JUnitXMLReporter -->
<testsuite hostname="Win10" ignored="3" name="iphonexPortrait" tests="4" failures="1" timestamp="28 Jan 2021 13:04:09 GMT" time="187.257" errors="0">
  <testcase name="verifyServiceEnterPriseMicrosoftSP_TC29" time="26.89" classname="corporatesite.testcases.TC29VerifyServiceEnterPriseMicrosoftSP"/>
  <testcase name="verifyServiceEnterPriseMicrosoftSPFormVld_TC30" time="66.564" classname="corporatesite.testcases.TC30VerifyServiceEnterPriseMicrosoftSPFormVld"/>
  <testcase name="verifyServiceEnterPriseMicrosoftSPForm_TC31" time="55.926" classname="corporatesite.testcases.TC31VerifyServiceEnterPriseMicrosoftSPForm"/>
  <testcase name="verfiyServiceEnterPriseServiceNow_TC32" time="15.129" classname="corporatesite.testcases.TC32VerfiyServiceEnterPriseServiceNow">
    <failure type="org.openqa.selenium.JavascriptException" message="javascript error: Failed to execute &amp;apos;elementsFromPoint&amp;apos; on &amp;apos;Document&amp;apos;: The provided double value is non-finite.
  (Session info: chrome=88.0.4324.104)
Build info: version: &amp;apos;3.11.0&amp;apos;, revision: &amp;apos;e59cfb3&amp;apos;, time: &amp;apos;2018-03-11T20:26:55.152Z&amp;apos;
System info: host: &amp;apos;Win10&amp;apos;, ip: &amp;apos;10.0.0.4&amp;apos;, os.name: &amp;apos;Windows 10&amp;apos;, os.arch: &amp;apos;amd64&amp;apos;, os.version: &amp;apos;10.0&amp;apos;, java.version: &amp;apos;1.8.0_251&amp;apos;
Driver info: org.openqa.selenium.chrome.ChromeDriver
Capabilities {acceptInsecureCerts: false, browserName: chrome, browserVersion: 88.0.4324.104, chrome: {chromedriverVersion: 88.0.4324.96 (68dba2d8a0b14..., userDataDir: C:\Users\QAUser01\AppData\L...}, goog:chromeOptions: {debuggerAddress: localhost:55534}, javascriptEnabled: true, networkConnectionEnabled: false, pageLoadStrategy: normal, platform: WINDOWS, platformName: WINDOWS, proxy: Proxy(), setWindowRect: true, strictFileInteractability: false, timeouts: {implicit: 0, pageLoad: 300000, script: 30000}, unhandledPromptBehavior: dismiss and notify, webauthn:extension:largeBlob: true, webauthn:virtualAuthenticators: true}
Session ID: a851cc563b9ead33a4429482c85024b1">
      <![CDATA[org.openqa.selenium.JavascriptException: javascript error: Failed to execute 'elementsFromPoint' on 'Document': The provided double value is non-finite.
  (Session info: chrome=88.0.4324.104)
Build info: version: '3.11.0', revision: 'e59cfb3', time: '2018-03-11T20:26:55.152Z'
System info: host: 'Win10', ip: '10.0.0.4', os.name: 'Windows 10', os.arch: 'amd64', os.version: '10.0', java.version: '1.8.0_251'
Driver info: org.openqa.selenium.chrome.ChromeDriver
Capabilities {acceptInsecureCerts: false, browserName: chrome, browserVersion: 88.0.4324.104, chrome: {chromedriverVersion: 88.0.4324.96 (68dba2d8a0b14..., userDataDir: C:\Users\QAUser01\AppData\L...}, goog:chromeOptions: {debuggerAddress: localhost:55534}, javascriptEnabled: true, networkConnectionEnabled: false, pageLoadStrategy: normal, platform: WINDOWS, platformName: WINDOWS, proxy: Proxy(), setWindowRect: true, strictFileInteractability: false, timeouts: {implicit: 0, pageLoad: 300000, script: 30000}, unhandledPromptBehavior: dismiss and notify, webauthn:extension:largeBlob: true, webauthn:virtualAuthenticators: true}
Session ID: a851cc563b9ead33a4429482c85024b1
	at org.openqa.selenium.remote.http.W3CHttpResponseCodec.createException(W3CHttpResponseCodec.java:187)
	at org.openqa.selenium.remote.http.W3CHttpResponseCodec.decode(W3CHttpResponseCodec.java:122)
	at org.openqa.selenium.remote.http.W3CHttpResponseCodec.decode(W3CHttpResponseCodec.java:49)
	at org.openqa.selenium.remote.HttpCommandExecutor.execute(HttpCommandExecutor.java:158)
	at org.openqa.selenium.remote.service.DriverCommandExecutor.execute(DriverCommandExecutor.java:83)
	at org.openqa.selenium.remote.RemoteWebDriver.execute(RemoteWebDriver.java:545)
	at org.openqa.selenium.remote.RemoteWebDriver.perform(RemoteWebDriver.java:611)
	at org.openqa.selenium.interactions.Actions$BuiltAction.perform(Actions.java:638)
	at corporatesite.ServicePage.verifyServiceEnterPriseServiceNow(ServicePage.java:546)
	at corporatesite.testcases.TC32VerfiyServiceEnterPriseServiceNow.verfiyServiceEnterPriseServiceNow_TC32(TC32VerfiyServiceEnterPriseServiceNow.java:13)
... Removed 29 stack frames]]>
    </failure>
  </testcase> <!-- verfiyServiceEnterPriseServiceNow_TC32 -->
  <testcase name="@BeforeTest setApplication" time="0.0" classname="corporatesite.Browser">
    <ignored/>
  </testcase> <!-- @BeforeTest setApplication -->
  <testcase name="@BeforeTest setApplication" time="0.0" classname="corporatesite.Browser">
    <ignored/>
  </testcase> <!-- @BeforeTest setApplication -->
  <testcase name="@BeforeTest setApplication" time="0.0" classname="corporatesite.Browser">
    <ignored/>
  </testcase> <!-- @BeforeTest setApplication -->
</testsuite> <!-- iphonexPortrait -->
