<?xml version="1.0" encoding="UTF-8"?>
<!-- Generated by org.testng.reporters.JUnitXMLReporter -->
<testsuite hostname="Win10" ignored="15" name="iphonex" tests="16" failures="9" timestamp="25 Jan 2021 12:58:01 GMT" time="772.999" errors="0">
  <testcase name="VerifyPhoneNumber" time="5.271" classname="corporatesite.testcases.TC49VerifyPhoneNumber">
    <failure type="java.lang.AssertionError" message="expected [+1 (732) 351-2141 / 42] but found []">
      <![CDATA[java.lang.AssertionError: expected [+1 (732) 351-2141 / 42] but found []
	at corporatesite.HeaderFooter.verifyPhoneNumber(HeaderFooter.java:23)
	at corporatesite.testcases.TC49VerifyPhoneNumber.VerifyPhoneNumber(TC49VerifyPhoneNumber.java:14)
... Removed 31 stack frames]]>
    </failure>
  </testcase> <!-- VerifyPhoneNumber -->
  <testcase name="VerifyEmailPopup" time="5.057" classname="corporatesite.testcases.TC50VerifyEmailPopup">
    <failure type="org.openqa.selenium.ElementNotInteractableException" message="element not interactable
  (Session info: chrome=88.0.4324.104)
Build info: version: &amp;apos;3.11.0&amp;apos;, revision: &amp;apos;e59cfb3&amp;apos;, time: &amp;apos;2018-03-11T20:26:55.152Z&amp;apos;
System info: host: &amp;apos;Win10&amp;apos;, ip: &amp;apos;10.0.0.4&amp;apos;, os.name: &amp;apos;Windows 10&amp;apos;, os.arch: &amp;apos;amd64&amp;apos;, os.version: &amp;apos;10.0&amp;apos;, java.version: &amp;apos;1.8.0_251&amp;apos;
Driver info: org.openqa.selenium.chrome.ChromeDriver
Capabilities {acceptInsecureCerts: false, browserName: chrome, browserVersion: 88.0.4324.104, chrome: {chromedriverVersion: 87.0.4280.88 (89e2380a3e36c..., userDataDir: C:\Users\QAUser01\AppData\L...}, goog:chromeOptions: {debuggerAddress: localhost:60436}, javascriptEnabled: true, networkConnectionEnabled: false, pageLoadStrategy: normal, platform: WINDOWS, platformName: WINDOWS, proxy: Proxy(), setWindowRect: true, strictFileInteractability: false, timeouts: {implicit: 0, pageLoad: 300000, script: 30000}, unhandledPromptBehavior: dismiss and notify, webauthn:virtualAuthenticators: true}
Session ID: 2fcfd4680d93bd9df56a4d51db4fdea4">
      <![CDATA[org.openqa.selenium.ElementNotInteractableException: element not interactable
  (Session info: chrome=88.0.4324.104)
Build info: version: '3.11.0', revision: 'e59cfb3', time: '2018-03-11T20:26:55.152Z'
System info: host: 'Win10', ip: '10.0.0.4', os.name: 'Windows 10', os.arch: 'amd64', os.version: '10.0', java.version: '1.8.0_251'
Driver info: org.openqa.selenium.chrome.ChromeDriver
Capabilities {acceptInsecureCerts: false, browserName: chrome, browserVersion: 88.0.4324.104, chrome: {chromedriverVersion: 87.0.4280.88 (89e2380a3e36c..., userDataDir: C:\Users\QAUser01\AppData\L...}, goog:chromeOptions: {debuggerAddress: localhost:60436}, javascriptEnabled: true, networkConnectionEnabled: false, pageLoadStrategy: normal, platform: WINDOWS, platformName: WINDOWS, proxy: Proxy(), setWindowRect: true, strictFileInteractability: false, timeouts: {implicit: 0, pageLoad: 300000, script: 30000}, unhandledPromptBehavior: dismiss and notify, webauthn:virtualAuthenticators: true}
Session ID: 2fcfd4680d93bd9df56a4d51db4fdea4
	at org.openqa.selenium.remote.http.W3CHttpResponseCodec.createException(W3CHttpResponseCodec.java:187)
	at org.openqa.selenium.remote.http.W3CHttpResponseCodec.decode(W3CHttpResponseCodec.java:122)
	at org.openqa.selenium.remote.http.W3CHttpResponseCodec.decode(W3CHttpResponseCodec.java:49)
	at org.openqa.selenium.remote.HttpCommandExecutor.execute(HttpCommandExecutor.java:158)
	at org.openqa.selenium.remote.service.DriverCommandExecutor.execute(DriverCommandExecutor.java:83)
	at org.openqa.selenium.remote.RemoteWebDriver.execute(RemoteWebDriver.java:545)
	at org.openqa.selenium.remote.RemoteWebElement.execute(RemoteWebElement.java:279)
	at org.openqa.selenium.remote.RemoteWebElement.click(RemoteWebElement.java:83)
	at corporatesite.HeaderFooter.verifyEmail(HeaderFooter.java:32)
	at corporatesite.testcases.TC50VerifyEmailPopup.VerifyEmailPopup(TC50VerifyEmailPopup.java:13)
... Removed 29 stack frames]]>
    </failure>
  </testcase> <!-- VerifyEmailPopup -->
  <testcase name="VerifyWorkingDaysTime" time="5.037" classname="corporatesite.testcases.TC51VerifyWorkingDaysTime">
    <failure type="java.lang.AssertionError" message="expected [Mon – Fri: 9:00am – 6:00pm] but found []">
      <![CDATA[java.lang.AssertionError: expected [Mon – Fri: 9:00am – 6:00pm] but found []
	at corporatesite.HeaderFooter.WorkingDays(HeaderFooter.java:46)
	at corporatesite.testcases.TC51VerifyWorkingDaysTime.VerifyWorkingDaysTime(TC51VerifyWorkingDaysTime.java:13)
... Removed 31 stack frames]]>
    </failure>
  </testcase> <!-- VerifyWorkingDaysTime -->
  <testcase name="VerifySocialNetworkingLinks" time="5.046" classname="corporatesite.testcases.TC52VerifySocialNetworkingLinks">
    <failure type="org.openqa.selenium.ElementNotInteractableException" message="element not interactable
  (Session info: chrome=88.0.4324.104)
Build info: version: &amp;apos;3.11.0&amp;apos;, revision: &amp;apos;e59cfb3&amp;apos;, time: &amp;apos;2018-03-11T20:26:55.152Z&amp;apos;
System info: host: &amp;apos;Win10&amp;apos;, ip: &amp;apos;10.0.0.4&amp;apos;, os.name: &amp;apos;Windows 10&amp;apos;, os.arch: &amp;apos;amd64&amp;apos;, os.version: &amp;apos;10.0&amp;apos;, java.version: &amp;apos;1.8.0_251&amp;apos;
Driver info: org.openqa.selenium.chrome.ChromeDriver
Capabilities {acceptInsecureCerts: false, browserName: chrome, browserVersion: 88.0.4324.104, chrome: {chromedriverVersion: 87.0.4280.88 (89e2380a3e36c..., userDataDir: C:\Users\QAUser01\AppData\L...}, goog:chromeOptions: {debuggerAddress: localhost:60436}, javascriptEnabled: true, networkConnectionEnabled: false, pageLoadStrategy: normal, platform: WINDOWS, platformName: WINDOWS, proxy: Proxy(), setWindowRect: true, strictFileInteractability: false, timeouts: {implicit: 0, pageLoad: 300000, script: 30000}, unhandledPromptBehavior: dismiss and notify, webauthn:virtualAuthenticators: true}
Session ID: 2fcfd4680d93bd9df56a4d51db4fdea4">
      <![CDATA[org.openqa.selenium.ElementNotInteractableException: element not interactable
  (Session info: chrome=88.0.4324.104)
Build info: version: '3.11.0', revision: 'e59cfb3', time: '2018-03-11T20:26:55.152Z'
System info: host: 'Win10', ip: '10.0.0.4', os.name: 'Windows 10', os.arch: 'amd64', os.version: '10.0', java.version: '1.8.0_251'
Driver info: org.openqa.selenium.chrome.ChromeDriver
Capabilities {acceptInsecureCerts: false, browserName: chrome, browserVersion: 88.0.4324.104, chrome: {chromedriverVersion: 87.0.4280.88 (89e2380a3e36c..., userDataDir: C:\Users\QAUser01\AppData\L...}, goog:chromeOptions: {debuggerAddress: localhost:60436}, javascriptEnabled: true, networkConnectionEnabled: false, pageLoadStrategy: normal, platform: WINDOWS, platformName: WINDOWS, proxy: Proxy(), setWindowRect: true, strictFileInteractability: false, timeouts: {implicit: 0, pageLoad: 300000, script: 30000}, unhandledPromptBehavior: dismiss and notify, webauthn:virtualAuthenticators: true}
Session ID: 2fcfd4680d93bd9df56a4d51db4fdea4
	at org.openqa.selenium.remote.http.W3CHttpResponseCodec.createException(W3CHttpResponseCodec.java:187)
	at org.openqa.selenium.remote.http.W3CHttpResponseCodec.decode(W3CHttpResponseCodec.java:122)
	at org.openqa.selenium.remote.http.W3CHttpResponseCodec.decode(W3CHttpResponseCodec.java:49)
	at org.openqa.selenium.remote.HttpCommandExecutor.execute(HttpCommandExecutor.java:158)
	at org.openqa.selenium.remote.service.DriverCommandExecutor.execute(DriverCommandExecutor.java:83)
	at org.openqa.selenium.remote.RemoteWebDriver.execute(RemoteWebDriver.java:545)
	at org.openqa.selenium.remote.RemoteWebElement.execute(RemoteWebElement.java:279)
	at org.openqa.selenium.remote.RemoteWebElement.click(RemoteWebElement.java:83)
	at corporatesite.HeaderFooter.SocialLinks(HeaderFooter.java:53)
	at corporatesite.testcases.TC52VerifySocialNetworkingLinks.VerifySocialNetworkingLinks(TC52VerifySocialNetworkingLinks.java:13)
... Removed 29 stack frames]]>
    </failure>
  </testcase> <!-- VerifySocialNetworkingLinks -->
  <testcase name="VerifyLinksUnderRecentPosts" time="28.181" classname="corporatesite.testcases.TC53VerifyLinksUnderRecentPosts"/>
  <testcase name="VerifyLinksUnderPostsOnClick" time="84.363" classname="corporatesite.testcases.TC54VerifyLinksUnderPostsOnClick"/>
  <testcase name="VerifyDatesUnderRecentPosts" time="28.157" classname="corporatesite.testcases.TC55VerifyDatesUnderRecentPosts"/>
  <testcase name="VerifyLinksOnClickOfImgUnderRecentPosts" time="57.969" classname="corporatesite.testcases.TC56VerifyLinksOnClickOfImgUnderRecentPosts"/>
  <testcase name="VerifyLinkNamesUnderUsefulLinks" time="56.323" classname="corporatesite.testcases.TC57VerifyLinkNamesUnderUsefulLinks"/>
  <testcase name="VerifyUsefulLinksOnClick" time="149.77" classname="corporatesite.testcases.TC58VerifyUsefulLinksOnClick"/>
  <testcase name="VerifySocialLinksFooter" time="86.157" classname="corporatesite.testcases.TC59VerifySocialLinksFooter"/>
  <testcase name="VerifyLinkNamesUnderCloudComputingPage" time="20.094" classname="corporatesite.testcases.TC60VerifyLinkUnderCloudComputingPage">
    <failure type="org.openqa.selenium.JavascriptException" message="javascript error: Failed to execute &amp;apos;elementsFromPoint&amp;apos; on &amp;apos;Document&amp;apos;: The provided double value is non-finite.
  (Session info: chrome=88.0.4324.104)
Build info: version: &amp;apos;3.11.0&amp;apos;, revision: &amp;apos;e59cfb3&amp;apos;, time: &amp;apos;2018-03-11T20:26:55.152Z&amp;apos;
System info: host: &amp;apos;Win10&amp;apos;, ip: &amp;apos;10.0.0.4&amp;apos;, os.name: &amp;apos;Windows 10&amp;apos;, os.arch: &amp;apos;amd64&amp;apos;, os.version: &amp;apos;10.0&amp;apos;, java.version: &amp;apos;1.8.0_251&amp;apos;
Driver info: org.openqa.selenium.chrome.ChromeDriver
Capabilities {acceptInsecureCerts: false, browserName: chrome, browserVersion: 88.0.4324.104, chrome: {chromedriverVersion: 87.0.4280.88 (89e2380a3e36c..., userDataDir: C:\Users\QAUser01\AppData\L...}, goog:chromeOptions: {debuggerAddress: localhost:60436}, javascriptEnabled: true, networkConnectionEnabled: false, pageLoadStrategy: normal, platform: WINDOWS, platformName: WINDOWS, proxy: Proxy(), setWindowRect: true, strictFileInteractability: false, timeouts: {implicit: 0, pageLoad: 300000, script: 30000}, unhandledPromptBehavior: dismiss and notify, webauthn:virtualAuthenticators: true}
Session ID: 2fcfd4680d93bd9df56a4d51db4fdea4">
      <![CDATA[org.openqa.selenium.JavascriptException: javascript error: Failed to execute 'elementsFromPoint' on 'Document': The provided double value is non-finite.
  (Session info: chrome=88.0.4324.104)
Build info: version: '3.11.0', revision: 'e59cfb3', time: '2018-03-11T20:26:55.152Z'
System info: host: 'Win10', ip: '10.0.0.4', os.name: 'Windows 10', os.arch: 'amd64', os.version: '10.0', java.version: '1.8.0_251'
Driver info: org.openqa.selenium.chrome.ChromeDriver
Capabilities {acceptInsecureCerts: false, browserName: chrome, browserVersion: 88.0.4324.104, chrome: {chromedriverVersion: 87.0.4280.88 (89e2380a3e36c..., userDataDir: C:\Users\QAUser01\AppData\L...}, goog:chromeOptions: {debuggerAddress: localhost:60436}, javascriptEnabled: true, networkConnectionEnabled: false, pageLoadStrategy: normal, platform: WINDOWS, platformName: WINDOWS, proxy: Proxy(), setWindowRect: true, strictFileInteractability: false, timeouts: {implicit: 0, pageLoad: 300000, script: 30000}, unhandledPromptBehavior: dismiss and notify, webauthn:virtualAuthenticators: true}
Session ID: 2fcfd4680d93bd9df56a4d51db4fdea4
	at org.openqa.selenium.remote.http.W3CHttpResponseCodec.createException(W3CHttpResponseCodec.java:187)
	at org.openqa.selenium.remote.http.W3CHttpResponseCodec.decode(W3CHttpResponseCodec.java:122)
	at org.openqa.selenium.remote.http.W3CHttpResponseCodec.decode(W3CHttpResponseCodec.java:49)
	at org.openqa.selenium.remote.HttpCommandExecutor.execute(HttpCommandExecutor.java:158)
	at org.openqa.selenium.remote.service.DriverCommandExecutor.execute(DriverCommandExecutor.java:83)
	at org.openqa.selenium.remote.RemoteWebDriver.execute(RemoteWebDriver.java:545)
	at org.openqa.selenium.remote.RemoteWebDriver.perform(RemoteWebDriver.java:611)
	at org.openqa.selenium.interactions.Actions$BuiltAction.perform(Actions.java:638)
	at corporatesite.CloudComputingPage.LinksUnderCloudComputingPage(CloudComputingPage.java:26)
	at corporatesite.testcases.TC60VerifyLinkUnderCloudComputingPage.VerifyLinkNamesUnderCloudComputingPage(TC60VerifyLinkUnderCloudComputingPage.java:13)
... Removed 29 stack frames]]>
    </failure>
  </testcase> <!-- VerifyLinkNamesUnderCloudComputingPage -->
  <testcase name="VerifyMicrosoftAzureValidationMsg" time="53.091" classname="corporatesite.testcases.TC61VerifyMicrosoftAzureContactUs">
    <failure type="org.openqa.selenium.TimeoutException" message="Expected condition failed: waiting for element to be clickable: [[ChromeDriver: chrome on WINDOWS (2fcfd4680d93bd9df56a4d51db4fdea4)] -&amp;gt; id: menu-item-1948] (tried for 50 second(s) with 500 milliseconds interval)
Build info: version: &amp;apos;3.11.0&amp;apos;, revision: &amp;apos;e59cfb3&amp;apos;, time: &amp;apos;2018-03-11T20:26:55.152Z&amp;apos;
System info: host: &amp;apos;Win10&amp;apos;, ip: &amp;apos;10.0.0.4&amp;apos;, os.name: &amp;apos;Windows 10&amp;apos;, os.arch: &amp;apos;amd64&amp;apos;, os.version: &amp;apos;10.0&amp;apos;, java.version: &amp;apos;1.8.0_251&amp;apos;
Driver info: org.openqa.selenium.chrome.ChromeDriver
Capabilities {acceptInsecureCerts: false, browserName: chrome, browserVersion: 88.0.4324.104, chrome: {chromedriverVersion: 87.0.4280.88 (89e2380a3e36c..., userDataDir: C:\Users\QAUser01\AppData\L...}, goog:chromeOptions: {debuggerAddress: localhost:60436}, javascriptEnabled: true, networkConnectionEnabled: false, pageLoadStrategy: normal, platform: WINDOWS, platformName: WINDOWS, proxy: Proxy(), setWindowRect: true, strictFileInteractability: false, timeouts: {implicit: 0, pageLoad: 300000, script: 30000}, unhandledPromptBehavior: dismiss and notify, webauthn:virtualAuthenticators: true}
Session ID: 2fcfd4680d93bd9df56a4d51db4fdea4">
      <![CDATA[org.openqa.selenium.TimeoutException: Expected condition failed: waiting for element to be clickable: [[ChromeDriver: chrome on WINDOWS (2fcfd4680d93bd9df56a4d51db4fdea4)] -> id: menu-item-1948] (tried for 50 second(s) with 500 milliseconds interval)
Build info: version: '3.11.0', revision: 'e59cfb3', time: '2018-03-11T20:26:55.152Z'
System info: host: 'Win10', ip: '10.0.0.4', os.name: 'Windows 10', os.arch: 'amd64', os.version: '10.0', java.version: '1.8.0_251'
Driver info: org.openqa.selenium.chrome.ChromeDriver
Capabilities {acceptInsecureCerts: false, browserName: chrome, browserVersion: 88.0.4324.104, chrome: {chromedriverVersion: 87.0.4280.88 (89e2380a3e36c..., userDataDir: C:\Users\QAUser01\AppData\L...}, goog:chromeOptions: {debuggerAddress: localhost:60436}, javascriptEnabled: true, networkConnectionEnabled: false, pageLoadStrategy: normal, platform: WINDOWS, platformName: WINDOWS, proxy: Proxy(), setWindowRect: true, strictFileInteractability: false, timeouts: {implicit: 0, pageLoad: 300000, script: 30000}, unhandledPromptBehavior: dismiss and notify, webauthn:virtualAuthenticators: true}
Session ID: 2fcfd4680d93bd9df56a4d51db4fdea4
	at org.openqa.selenium.support.ui.WebDriverWait.timeoutException(WebDriverWait.java:81)
	at org.openqa.selenium.support.ui.FluentWait.until(FluentWait.java:271)
	at corporatesite.CloudComputingPage.VerifyMicrosoftAzurePage(CloudComputingPage.java:68)
	at corporatesite.testcases.TC61VerifyMicrosoftAzureContactUs.VerifyMicrosoftAzureValidationMsg(TC61VerifyMicrosoftAzureContactUs.java:14)
... Removed 25 stack frames]]>
    </failure>
  </testcase> <!-- VerifyMicrosoftAzureValidationMsg -->
  <testcase name="VerifyMicrosoft365ContactUs" time="53.329" classname="corporatesite.testcases.TC62VerifyMicrosoft365ContactUs">
    <failure type="org.openqa.selenium.TimeoutException" message="Expected condition failed: waiting for element to be clickable: [[ChromeDriver: chrome on WINDOWS (2fcfd4680d93bd9df56a4d51db4fdea4)] -&amp;gt; id: menu-item-1948] (tried for 50 second(s) with 500 milliseconds interval)
Build info: version: &amp;apos;3.11.0&amp;apos;, revision: &amp;apos;e59cfb3&amp;apos;, time: &amp;apos;2018-03-11T20:26:55.152Z&amp;apos;
System info: host: &amp;apos;Win10&amp;apos;, ip: &amp;apos;10.0.0.4&amp;apos;, os.name: &amp;apos;Windows 10&amp;apos;, os.arch: &amp;apos;amd64&amp;apos;, os.version: &amp;apos;10.0&amp;apos;, java.version: &amp;apos;1.8.0_251&amp;apos;
Driver info: org.openqa.selenium.chrome.ChromeDriver
Capabilities {acceptInsecureCerts: false, browserName: chrome, browserVersion: 88.0.4324.104, chrome: {chromedriverVersion: 87.0.4280.88 (89e2380a3e36c..., userDataDir: C:\Users\QAUser01\AppData\L...}, goog:chromeOptions: {debuggerAddress: localhost:60436}, javascriptEnabled: true, networkConnectionEnabled: false, pageLoadStrategy: normal, platform: WINDOWS, platformName: WINDOWS, proxy: Proxy(), setWindowRect: true, strictFileInteractability: false, timeouts: {implicit: 0, pageLoad: 300000, script: 30000}, unhandledPromptBehavior: dismiss and notify, webauthn:virtualAuthenticators: true}
Session ID: 2fcfd4680d93bd9df56a4d51db4fdea4">
      <![CDATA[org.openqa.selenium.TimeoutException: Expected condition failed: waiting for element to be clickable: [[ChromeDriver: chrome on WINDOWS (2fcfd4680d93bd9df56a4d51db4fdea4)] -> id: menu-item-1948] (tried for 50 second(s) with 500 milliseconds interval)
Build info: version: '3.11.0', revision: 'e59cfb3', time: '2018-03-11T20:26:55.152Z'
System info: host: 'Win10', ip: '10.0.0.4', os.name: 'Windows 10', os.arch: 'amd64', os.version: '10.0', java.version: '1.8.0_251'
Driver info: org.openqa.selenium.chrome.ChromeDriver
Capabilities {acceptInsecureCerts: false, browserName: chrome, browserVersion: 88.0.4324.104, chrome: {chromedriverVersion: 87.0.4280.88 (89e2380a3e36c..., userDataDir: C:\Users\QAUser01\AppData\L...}, goog:chromeOptions: {debuggerAddress: localhost:60436}, javascriptEnabled: true, networkConnectionEnabled: false, pageLoadStrategy: normal, platform: WINDOWS, platformName: WINDOWS, proxy: Proxy(), setWindowRect: true, strictFileInteractability: false, timeouts: {implicit: 0, pageLoad: 300000, script: 30000}, unhandledPromptBehavior: dismiss and notify, webauthn:virtualAuthenticators: true}
Session ID: 2fcfd4680d93bd9df56a4d51db4fdea4
	at org.openqa.selenium.support.ui.WebDriverWait.timeoutException(WebDriverWait.java:81)
	at org.openqa.selenium.support.ui.FluentWait.until(FluentWait.java:271)
	at corporatesite.CloudComputingPage.VerifyMicrosoft365Page(CloudComputingPage.java:273)
	at corporatesite.testcases.TC62VerifyMicrosoft365ContactUs.VerifyMicrosoft365ContactUs(TC62VerifyMicrosoft365ContactUs.java:14)
... Removed 25 stack frames]]>
    </failure>
  </testcase> <!-- VerifyMicrosoft365ContactUs -->
  <testcase name="VerifyAmazonWebServicesContactUs" time="53.425" classname="corporatesite.testcases.TC63VerifyAmazonWebServicesContactUs">
    <failure type="org.openqa.selenium.TimeoutException" message="Expected condition failed: waiting for element to be clickable: [[ChromeDriver: chrome on WINDOWS (2fcfd4680d93bd9df56a4d51db4fdea4)] -&amp;gt; id: menu-item-1948] (tried for 50 second(s) with 500 milliseconds interval)
Build info: version: &amp;apos;3.11.0&amp;apos;, revision: &amp;apos;e59cfb3&amp;apos;, time: &amp;apos;2018-03-11T20:26:55.152Z&amp;apos;
System info: host: &amp;apos;Win10&amp;apos;, ip: &amp;apos;10.0.0.4&amp;apos;, os.name: &amp;apos;Windows 10&amp;apos;, os.arch: &amp;apos;amd64&amp;apos;, os.version: &amp;apos;10.0&amp;apos;, java.version: &amp;apos;1.8.0_251&amp;apos;
Driver info: org.openqa.selenium.chrome.ChromeDriver
Capabilities {acceptInsecureCerts: false, browserName: chrome, browserVersion: 88.0.4324.104, chrome: {chromedriverVersion: 87.0.4280.88 (89e2380a3e36c..., userDataDir: C:\Users\QAUser01\AppData\L...}, goog:chromeOptions: {debuggerAddress: localhost:60436}, javascriptEnabled: true, networkConnectionEnabled: false, pageLoadStrategy: normal, platform: WINDOWS, platformName: WINDOWS, proxy: Proxy(), setWindowRect: true, strictFileInteractability: false, timeouts: {implicit: 0, pageLoad: 300000, script: 30000}, unhandledPromptBehavior: dismiss and notify, webauthn:virtualAuthenticators: true}
Session ID: 2fcfd4680d93bd9df56a4d51db4fdea4">
      <![CDATA[org.openqa.selenium.TimeoutException: Expected condition failed: waiting for element to be clickable: [[ChromeDriver: chrome on WINDOWS (2fcfd4680d93bd9df56a4d51db4fdea4)] -> id: menu-item-1948] (tried for 50 second(s) with 500 milliseconds interval)
Build info: version: '3.11.0', revision: 'e59cfb3', time: '2018-03-11T20:26:55.152Z'
System info: host: 'Win10', ip: '10.0.0.4', os.name: 'Windows 10', os.arch: 'amd64', os.version: '10.0', java.version: '1.8.0_251'
Driver info: org.openqa.selenium.chrome.ChromeDriver
Capabilities {acceptInsecureCerts: false, browserName: chrome, browserVersion: 88.0.4324.104, chrome: {chromedriverVersion: 87.0.4280.88 (89e2380a3e36c..., userDataDir: C:\Users\QAUser01\AppData\L...}, goog:chromeOptions: {debuggerAddress: localhost:60436}, javascriptEnabled: true, networkConnectionEnabled: false, pageLoadStrategy: normal, platform: WINDOWS, platformName: WINDOWS, proxy: Proxy(), setWindowRect: true, strictFileInteractability: false, timeouts: {implicit: 0, pageLoad: 300000, script: 30000}, unhandledPromptBehavior: dismiss and notify, webauthn:virtualAuthenticators: true}
Session ID: 2fcfd4680d93bd9df56a4d51db4fdea4
	at org.openqa.selenium.support.ui.WebDriverWait.timeoutException(WebDriverWait.java:81)
	at org.openqa.selenium.support.ui.FluentWait.until(FluentWait.java:271)
	at corporatesite.CloudComputingPage.VerifyAmazonWebServicesPage(CloudComputingPage.java:474)
	at corporatesite.testcases.TC63VerifyAmazonWebServicesContactUs.VerifyAmazonWebServicesContactUs(TC63VerifyAmazonWebServicesContactUs.java:13)
... Removed 25 stack frames]]>
    </failure>
  </testcase> <!-- VerifyAmazonWebServicesContactUs -->
  <testcase name="VerifyServicesSubMenuClick" time="53.468" classname="corporatesite.testcases.TC64VerifyServicesSubMenuClick">
    <failure type="org.openqa.selenium.TimeoutException" message="Expected condition failed: waiting for element to be clickable: [[ChromeDriver: chrome on WINDOWS (2fcfd4680d93bd9df56a4d51db4fdea4)] -&amp;gt; id: menu-item-1948] (tried for 50 second(s) with 500 milliseconds interval)
Build info: version: &amp;apos;3.11.0&amp;apos;, revision: &amp;apos;e59cfb3&amp;apos;, time: &amp;apos;2018-03-11T20:26:55.152Z&amp;apos;
System info: host: &amp;apos;Win10&amp;apos;, ip: &amp;apos;10.0.0.4&amp;apos;, os.name: &amp;apos;Windows 10&amp;apos;, os.arch: &amp;apos;amd64&amp;apos;, os.version: &amp;apos;10.0&amp;apos;, java.version: &amp;apos;1.8.0_251&amp;apos;
Driver info: org.openqa.selenium.chrome.ChromeDriver
Capabilities {acceptInsecureCerts: false, browserName: chrome, browserVersion: 88.0.4324.104, chrome: {chromedriverVersion: 87.0.4280.88 (89e2380a3e36c..., userDataDir: C:\Users\QAUser01\AppData\L...}, goog:chromeOptions: {debuggerAddress: localhost:60436}, javascriptEnabled: true, networkConnectionEnabled: false, pageLoadStrategy: normal, platform: WINDOWS, platformName: WINDOWS, proxy: Proxy(), setWindowRect: true, strictFileInteractability: false, timeouts: {implicit: 0, pageLoad: 300000, script: 30000}, unhandledPromptBehavior: dismiss and notify, webauthn:virtualAuthenticators: true}
Session ID: 2fcfd4680d93bd9df56a4d51db4fdea4">
      <![CDATA[org.openqa.selenium.TimeoutException: Expected condition failed: waiting for element to be clickable: [[ChromeDriver: chrome on WINDOWS (2fcfd4680d93bd9df56a4d51db4fdea4)] -> id: menu-item-1948] (tried for 50 second(s) with 500 milliseconds interval)
Build info: version: '3.11.0', revision: 'e59cfb3', time: '2018-03-11T20:26:55.152Z'
System info: host: 'Win10', ip: '10.0.0.4', os.name: 'Windows 10', os.arch: 'amd64', os.version: '10.0', java.version: '1.8.0_251'
Driver info: org.openqa.selenium.chrome.ChromeDriver
Capabilities {acceptInsecureCerts: false, browserName: chrome, browserVersion: 88.0.4324.104, chrome: {chromedriverVersion: 87.0.4280.88 (89e2380a3e36c..., userDataDir: C:\Users\QAUser01\AppData\L...}, goog:chromeOptions: {debuggerAddress: localhost:60436}, javascriptEnabled: true, networkConnectionEnabled: false, pageLoadStrategy: normal, platform: WINDOWS, platformName: WINDOWS, proxy: Proxy(), setWindowRect: true, strictFileInteractability: false, timeouts: {implicit: 0, pageLoad: 300000, script: 30000}, unhandledPromptBehavior: dismiss and notify, webauthn:virtualAuthenticators: true}
Session ID: 2fcfd4680d93bd9df56a4d51db4fdea4
	at org.openqa.selenium.support.ui.WebDriverWait.timeoutException(WebDriverWait.java:81)
	at org.openqa.selenium.support.ui.FluentWait.until(FluentWait.java:271)
	at corporatesite.CloudComputingPage.VerifyMicrosoft365Page(CloudComputingPage.java:273)
	at corporatesite.testcases.TC64VerifyServicesSubMenuClick.VerifyServicesSubMenuClick(TC64VerifyServicesSubMenuClick.java:18)
... Removed 25 stack frames]]>
    </failure>
  </testcase> <!-- VerifyServicesSubMenuClick -->
  <testcase name="@BeforeTest setApplication" time="0.0" classname="corporatesite.Browser">
    <ignored/>
  </testcase> <!-- @BeforeTest setApplication -->
  <testcase name="@BeforeTest setApplication" time="0.0" classname="corporatesite.Browser">
    <ignored/>
  </testcase> <!-- @BeforeTest setApplication -->
  <testcase name="@BeforeTest setApplication" time="0.0" classname="corporatesite.Browser">
    <ignored/>
  </testcase> <!-- @BeforeTest setApplication -->
  <testcase name="@BeforeTest setApplication" time="0.0" classname="corporatesite.Browser">
    <ignored/>
  </testcase> <!-- @BeforeTest setApplication -->
  <testcase name="@BeforeTest setApplication" time="0.0" classname="corporatesite.Browser">
    <ignored/>
  </testcase> <!-- @BeforeTest setApplication -->
  <testcase name="@BeforeTest setApplication" time="0.0" classname="corporatesite.Browser">
    <ignored/>
  </testcase> <!-- @BeforeTest setApplication -->
  <testcase name="@BeforeTest setApplication" time="0.0" classname="corporatesite.Browser">
    <ignored/>
  </testcase> <!-- @BeforeTest setApplication -->
  <testcase name="@BeforeTest setApplication" time="0.0" classname="corporatesite.Browser">
    <ignored/>
  </testcase> <!-- @BeforeTest setApplication -->
  <testcase name="@BeforeTest setApplication" time="0.0" classname="corporatesite.Browser">
    <ignored/>
  </testcase> <!-- @BeforeTest setApplication -->
  <testcase name="@BeforeTest setApplication" time="0.0" classname="corporatesite.Browser">
    <ignored/>
  </testcase> <!-- @BeforeTest setApplication -->
  <testcase name="@BeforeTest setApplication" time="0.0" classname="corporatesite.Browser">
    <ignored/>
  </testcase> <!-- @BeforeTest setApplication -->
  <testcase name="@BeforeTest setApplication" time="0.0" classname="corporatesite.Browser">
    <ignored/>
  </testcase> <!-- @BeforeTest setApplication -->
  <testcase name="@BeforeTest setApplication" time="0.0" classname="corporatesite.Browser">
    <ignored/>
  </testcase> <!-- @BeforeTest setApplication -->
  <testcase name="@BeforeTest setApplication" time="0.0" classname="corporatesite.Browser">
    <ignored/>
  </testcase> <!-- @BeforeTest setApplication -->
  <testcase name="@BeforeTest setApplication" time="0.0" classname="corporatesite.Browser">
    <ignored/>
  </testcase> <!-- @BeforeTest setApplication -->
</testsuite> <!-- iphonex -->
